\BOOKMARK [1][-]{section*.1}{\376\377\000I\000n\000t\000r\000o\000d\000u\000c\000c\000i\000\363\000n}{}% 1
\BOOKMARK [1][-]{section.1}{\376\377\0001\000.\000\040\000C\000o\000n\000c\000e\000p\000t\000o\000s\000\040\000b\000\341\000s\000i\000c\000o\000s}{}% 2
\BOOKMARK [1][-]{section.2}{\376\377\0002\000.\000\040\000F\000u\000n\000t\000o\000r\000e\000s}{}% 3
\BOOKMARK [1][-]{section.3}{\376\377\0003\000.\000\040\000T\000r\000a\000n\000s\000f\000o\000r\000m\000a\000c\000i\000o\000n\000e\000s\000\040\000n\000a\000t\000u\000r\000a\000l\000e\000s}{}% 4
\BOOKMARK [1][-]{section.4}{\376\377\0004\000.\000\040\000L\000\355\000m\000i\000t\000e\000s\000\040\000y\000\040\000c\000o\000l\000\355\000m\000i\000t\000e\000s}{}% 5
\BOOKMARK [1][-]{section.5}{\376\377\0005\000.\000\040\000L\000e\000m\000a\000\040\000d\000e\000\040\000Y\000o\000n\000e\000d\000a}{}% 6
\BOOKMARK [1][-]{section.6}{\376\377\0006\000.\000\040\000A\000d\000j\000u\000n\000c\000i\000o\000n\000e\000s}{}% 7
\BOOKMARK [2][-]{subsection.6.1}{\376\377\0006\000.\0001\000.\000\040\000M\000o\000n\000a\000d\000a\000s\000\040\000u\000n\000a\000\040\000p\000e\000q\000u\000e\000\361\000a\000\040\000i\000n\000t\000r\000o\000d\000u\000c\000c\000i\000\363\000n}{section.6}% 8
\BOOKMARK [1][-]{section.7}{\376\377\0007\000.\000\040\000M\000o\000n\000a\000d\000a\000s}{}% 9
\BOOKMARK [1][-]{section.8}{\376\377\0008\000.\000\040\000T\000e\000r\000n\000a\000s\000\040\000d\000e\000\040\000K\000l\000e\000i\000s\000l\000i}{}% 10
\BOOKMARK [1][-]{section.9}{\376\377\0009\000.\000\040\000S\000o\000l\000u\000c\000i\000\363\000n\000\040\000d\000e\000\040\000K\000l\000e\000i\000s\000l\000i}{}% 11
\BOOKMARK [1][-]{section.10}{\376\377\0001\0000\000.\000\040\000L\000a\000\040\000s\000o\000l\000u\000c\000i\000\363\000n\000\040\000d\000e\000\040\000E\000i\000l\000e\000n\000b\000e\000r\000g\000\040\000y\000\040\000M\000o\000o\000r\000e}{}% 12
\BOOKMARK [1][-]{section.11}{\376\377\0001\0001\000.\000\040\000L\000a\000\040\000a\000d\000j\000u\000n\000c\000i\000\363\000n\000\040\000e\000n\000t\000r\000e\000\040\000F\000r\000m\000\040\000y\000\040\000T\000o\000p}{}% 13
\BOOKMARK [1][-]{section.12}{\376\377\0001\0002\000.\000\040\000E\000l\000\040\000e\000s\000p\000a\000c\000i\000o\000\040\000d\000e\000\040\000p\000u\000n\000t\000o\000s}{}% 14
\BOOKMARK [2][-]{subsection.12.1}{\376\377\0001\0002\000.\0001\000.\000\040\000F\000u\000n\000t\000o\000r\000i\000a\000l\000i\000d\000a\000d\000\040\000y\000\040\000n\000a\000t\000u\000r\000a\000l\000i\000d\000a\000d}{section.12}% 15
\BOOKMARK [2][-]{subsection.12.2}{\376\377\0001\0002\000.\0002\000.\000\040\000E\000l\000\040\000e\000s\000p\000a\000c\000i\000o\000\040\000d\000e\000\040\000p\000u\000n\000t\000o\000s\000\040\000d\000e\000l\000\040\000m\000a\000r\000c\000o\000\040\000d\000e\000\040\000a\000b\000i\000e\000r\000t\000o\000s}{section.12}% 16
\BOOKMARK [1][-]{section.13}{\376\377\0001\0003\000.\000\040\000L\000a\000\040\000a\000d\000j\000u\000n\000c\000i\000\363\000n}{}% 17
\BOOKMARK [1][-]{section.14}{\376\377\0001\0004\000.\000\040\000L\000a\000\040\000p\000r\000o\000p\000i\000e\000d\000a\000d\000\040\000u\000n\000i\000v\000e\000r\000s\000a\000l\000\040\000d\000e\000\040\000l\000a\000s\000\040\000r\000e\000f\000l\000e\000x\000i\000o\000n\000e\000s}{}% 18
\BOOKMARK [1][-]{section.15}{\376\377\0001\0005\000.\000\040\000\301\000l\000g\000e\000b\000r\000a\000s\000\040\000p\000a\000r\000a\000\040\000l\000a\000\040\000a\000d\000j\000u\000n\000c\000i\000\363\000n\000\040\000s\000p\000e\000c\000O}{}% 19
\BOOKMARK [1][-]{section*.2}{\376\377\000R\000e\000f\000e\000r\000e\000n\000c\000i\000a\000s}{}% 20
